<?xml version="1.0" encoding="utf-8"?><testsuites name="pytest tests"><testsuite name="pytest" errors="0" failures="0" skipped="0" tests="20" time="8.190" timestamp="2026-06-04T10:40:57.302284+00:00" hostname="agent-env-d9801fc4-fb7d-4098-8db2-5c01f7c2b047"><testcase classname="backend.tests.test_iteration3.TestAuthAndLoginHistory" name="test_login_records_success_history" time="2.406" /><testcase classname="backend.tests.test_iteration3.TestEmployeeAdminActions" name="test_suspend_increments_token_version_and_blocks" time="0.517" /><testcase classname="backend.tests.test_iteration3.TestEmployeeAdminActions" name="test_activate_restores" time="0.469" /><testcase classname="backend.tests.test_iteration3.TestEmployeeAdminActions" name="test_force_logout_revokes_old_token" time="0.174" /><testcase classname="backend.tests.test_iteration3.TestEmployeeAdminActions" name="test_reset_password_returns_new_pw_and_revokes_old" time="1.472" /><testcase classname="backend.tests.test_iteration3.TestEmployeeAdminActions" name="test_resend_invite" time="0.111" /><testcase classname="backend.tests.test_iteration3.TestEmployeeAdminActions" name="test_revoke_invite" time="0.105" /><testcase classname="backend.tests.test_iteration3.TestEmployeeAdminActions" name="test_terminate_blocks_subsequent_login" time="1.076" /><testcase classname="backend.tests.test_iteration3.TestClosureTypeGuard" name="test_won_without_closure_type_rejected" time="0.105" /><testcase classname="backend.tests.test_iteration3.TestClosureTypeGuard" name="test_won_with_closure_type_succeeds" time="0.052" /><testcase classname="backend.tests.test_iteration3.TestPlaybooks" name="test_seeded_six" time="0.055" /><testcase classname="backend.tests.test_iteration3.TestPlaybooks" name="test_crud" time="0.218" /><testcase classname="backend.tests.test_iteration3.TestKnowledge" name="test_get_published_only" time="0.052" /><testcase classname="backend.tests.test_iteration3.TestKnowledge" name="test_unpublished_excluded" time="0.160" /><testcase classname="backend.tests.test_iteration3.TestKnowledge" name="test_crud" time="0.159" /><testcase classname="backend.tests.test_iteration3.TestTraining" name="test_list_five_with_progress" time="0.053" /><testcase classname="backend.tests.test_iteration3.TestTraining" name="test_submit_quiz_pass_and_certificate" time="0.159" /><testcase classname="backend.tests.test_iteration3.TestTraining" name="test_submit_quiz_fail_no_cert" time="0.154" /><testcase classname="backend.tests.test_iteration3.TestQuotationApprovalKPI" name="test_kpi_has_field" time="0.059" /><testcase classname="backend.tests.test_iteration3.TestStaleNudge" name="test_run_stale_nudge_idempotent" time="0.526" /></testsuite></testsuites>