<?xml version="1.0" encoding="utf-8"?><testsuites name="pytest tests"><testsuite name="pytest" errors="0" failures="0" skipped="0" tests="20" time="5.029" timestamp="2026-06-04T10:52:18.412505+00:00" hostname="agent-env-d9801fc4-fb7d-4098-8db2-5c01f7c2b047"><testcase classname="backend.tests.test_iteration4.TestTrainingList" name="test_six_seeded_modules_with_video_type_and_progress" time="0.592" /><testcase classname="backend.tests.test_iteration4.TestTrainingList" name="test_video_type_distribution_2_each" time="0.049" /><testcase classname="backend.tests.test_iteration4.TestTrainingCreate" name="test_admin_can_create" time="0.099" /><testcase classname="backend.tests.test_iteration4.TestTrainingCreate" name="test_non_admin_403" time="1.134" /><testcase classname="backend.tests.test_iteration4.TestTrainingUpdate" name="test_admin_update_and_persist" time="0.224" /><testcase classname="backend.tests.test_iteration4.TestTrainingUpdate" name="test_non_admin_update_403" time="0.163" /><testcase classname="backend.tests.test_iteration4.TestTrainingDelete" name="test_delete_removes_training_and_progress" time="0.244" /><testcase classname="backend.tests.test_iteration4.TestTrainingDelete" name="test_non_admin_delete_403" time="0.150" /><testcase classname="backend.tests.test_iteration4.TestMarkWatched" name="test_idempotent_upsert" time="0.229" /><testcase classname="backend.tests.test_iteration4.TestSubmitQuiz" name="test_pass_returns_certificate_number" time="0.092" /><testcase classname="backend.tests.test_iteration4.TestSubmitQuiz" name="test_fail_no_certificate" time="0.093" /><testcase classname="backend.tests.test_iteration4.TestCertificate" name="test_404_before_pass" time="0.136" /><testcase classname="backend.tests.test_iteration4.TestCertificate" name="test_certificate_after_pass" time="0.192" /><testcase classname="backend.tests.test_iteration4.TestRegression" name="test_login" time="0.330" /><testcase classname="backend.tests.test_iteration4.TestRegression" name="test_dashboard_kpis_has_quotation_approval_rate" time="0.048" /><testcase classname="backend.tests.test_iteration4.TestRegression" name="test_pipeline_seven_stages" time="0.048" /><testcase classname="backend.tests.test_iteration4.TestRegression" name="test_follow_ups_buckets" time="0.047" /><testcase classname="backend.tests.test_iteration4.TestRegression" name="test_quotation_create_with_extras" time="0.140" /><testcase classname="backend.tests.test_iteration4.TestRegression" name="test_employee_admin_actions" time="0.625" /><testcase classname="backend.tests.test_iteration4.TestRegression" name="test_closure_type_guard" time="0.281" /></testsuite></testsuites>