<?xml version="1.0" encoding="utf-8"?><testsuites name="pytest tests"><testsuite name="pytest" errors="0" failures="0" skipped="0" tests="15" time="2.107" timestamp="2026-06-04T10:26:49.870049+00:00" hostname="agent-env-d9801fc4-fb7d-4098-8db2-5c01f7c2b047"><testcase classname="backend.tests.backend_test.TestAuth" name="test_login_returns_token_and_cookie" time="0.490" /><testcase classname="backend.tests.backend_test.TestAuth" name="test_login_invalid" time="0.331" /><testcase classname="backend.tests.backend_test.TestAuth" name="test_me" time="0.119" /><testcase classname="backend.tests.backend_test.TestDashboard" name="test_kpis_contains_phase2_fields" time="0.050" /><testcase classname="backend.tests.backend_test.TestPipeline" name="test_pipeline_has_7_stages" time="0.050" /><testcase classname="backend.tests.backend_test.TestFollowUps" name="test_followups_structure" time="0.058" /><testcase classname="backend.tests.backend_test.TestInventory" name="test_inventory_seeded" time="0.046" /><testcase classname="backend.tests.backend_test.TestInventory" name="test_inventory_search_shure" time="0.046" /><testcase classname="backend.tests.backend_test.TestLeads" name="test_create_lead_with_extended_fields" time="0.060" /><testcase classname="backend.tests.backend_test.TestLeads" name="test_lead_retrievable_with_persisted_fields" time="0.047" /><testcase classname="backend.tests.backend_test.TestLeads" name="test_lead_status_update_logs_activity" time="0.098" /><testcase classname="backend.tests.backend_test.TestLeads" name="test_lead_health_score_increases_with_signals" time="0.145" /><testcase classname="backend.tests.backend_test.TestQuotations" name="test_create_quotation_with_extras_and_status" time="0.049" /><testcase classname="backend.tests.backend_test.TestQuotations" name="test_update_quotation_status_logs_activity" time="0.109" /><testcase classname="backend.tests.backend_test.TestQuotations" name="test_invalid_quotation_status" time="0.141" /></testsuite></testsuites>